<?xml version="1.0" encoding="utf-8"?><testsuites name="pytest tests"><testsuite name="pytest" errors="0" failures="0" skipped="0" tests="12" time="7.289" timestamp="2026-03-21T16:54:32.716774+00:00" hostname="agent-env-927e143b-d040-4ac9-90a8-7b0c2d75b78e"><testcase classname="backend.tests.test_questions_and_about.TestQuestionsAPI" name="test_get_course_questions_empty" time="0.942" /><testcase classname="backend.tests.test_questions_and_about.TestQuestionsAPI" name="test_create_question_requires_auth" time="0.748" /><testcase classname="backend.tests.test_questions_and_about.TestQuestionsAPI" name="test_create_question_requires_course_purchase" time="0.718" /><testcase classname="backend.tests.test_questions_and_about.TestQuestionsAPI" name="test_admin_get_all_questions" time="0.685" /><testcase classname="backend.tests.test_questions_and_about.TestQuestionsAPI" name="test_admin_get_questions_requires_admin" time="0.695" /><testcase classname="backend.tests.test_questions_and_about.TestQuestionsAPI" name="test_admin_answer_question_endpoint_exists" time="0.688" /><testcase classname="backend.tests.test_questions_and_about.TestQuestionsAPI" name="test_admin_delete_question_endpoint_exists" time="0.747" /><testcase classname="backend.tests.test_questions_and_about.TestQuestionsAPI" name="test_admin_send_email_endpoint_exists" time="0.772" /><testcase classname="backend.tests.test_questions_and_about.TestQuestionsFullFlow" name="test_full_question_flow" time="1.135" /><testcase classname="backend.tests.test_questions_and_about.TestHeroText" name="test_hero_subtitle_translation_pt" time="0.000" /><testcase classname="backend.tests.test_questions_and_about.TestAboutPageAPI" name="test_about_page_translations_exist" time="0.000" /><testcase classname="backend.tests.test_questions_and_about.TestWhiteLabelBranding" name="test_api_root_returns_shalom_learning" time="0.097" /></testsuite></testsuites>