<?xml version="1.0" encoding="utf-8"?><testsuites name="pytest tests"><testsuite name="pytest" errors="0" failures="0" skipped="0" tests="18" time="13.172" timestamp="2026-03-20T18:30:49.957019+00:00" hostname="agent-env-927e143b-d040-4ac9-90a8-7b0c2d75b78e"><testcase classname="backend.tests.test_coupon_system.TestCouponAdminCRUD" name="test_get_all_coupons" time="0.578" /><testcase classname="backend.tests.test_coupon_system.TestCouponAdminCRUD" name="test_create_percentage_coupon" time="0.629" /><testcase classname="backend.tests.test_coupon_system.TestCouponAdminCRUD" name="test_create_fixed_coupon" time="0.580" /><testcase classname="backend.tests.test_coupon_system.TestCouponAdminCRUD" name="test_create_coupon_with_expiration" time="0.571" /><testcase classname="backend.tests.test_coupon_system.TestCouponAdminCRUD" name="test_create_coupon_with_max_uses" time="0.559" /><testcase classname="backend.tests.test_coupon_system.TestCouponAdminCRUD" name="test_toggle_coupon_active" time="0.736" /><testcase classname="backend.tests.test_coupon_system.TestCouponAdminCRUD" name="test_delete_coupon" time="0.575" /><testcase classname="backend.tests.test_coupon_system.TestCouponAdminCRUD" name="test_duplicate_coupon_code_rejected" time="0.574" /><testcase classname="backend.tests.test_coupon_system.TestCouponValidation" name="test_validate_existing_coupon_teste10" time="0.618" /><testcase classname="backend.tests.test_coupon_system.TestCouponValidation" name="test_validate_invalid_coupon" time="0.481" /><testcase classname="backend.tests.test_coupon_system.TestCouponValidation" name="test_validate_inactive_coupon" time="0.975" /><testcase classname="backend.tests.test_coupon_system.TestCouponValidation" name="test_validate_expired_coupon" time="0.971" /><testcase classname="backend.tests.test_coupon_system.TestCouponValidation" name="test_validate_coupon_requires_auth" time="0.191" /><testcase classname="backend.tests.test_coupon_system.TestCouponInPayment" name="test_create_payment_with_coupon" time="1.127" /><testcase classname="backend.tests.test_coupon_system.TestCouponInPayment" name="test_create_payment_without_coupon" time="0.981" /><testcase classname="backend.tests.test_coupon_system.TestCouponInPayment" name="test_create_payment_with_invalid_coupon" time="0.925" /><testcase classname="backend.tests.test_coupon_system.TestCouponSpecificRestrictions" name="test_coupon_specific_course_valid" time="1.064" /><testcase classname="backend.tests.test_coupon_system.TestCouponSpecificRestrictions" name="test_coupon_specific_course_invalid" time="0.974" /></testsuite></testsuites>