<?xml version="1.0" encoding="utf-8"?><testsuites name="pytest tests"><testsuite name="pytest" errors="0" failures="0" skipped="0" tests="21" time="33.802" timestamp="2026-03-19T22:27:03.047217+00:00" hostname="agent-env-927e143b-d040-4ac9-90a8-7b0c2d75b78e"><testcase classname="tests.test_admin_panel.TestAdminLogin" name="test_admin_login_success" time="0.786" /><testcase classname="tests.test_admin_panel.TestAdminLogin" name="test_admin_login_invalid_email" time="0.403" /><testcase classname="tests.test_admin_panel.TestAdminLogin" name="test_admin_login_invalid_password" time="0.741" /><testcase classname="tests.test_admin_panel.TestAdminDashboard" name="test_get_admin_stats" time="1.032" /><testcase classname="tests.test_admin_panel.TestAdminCourses" name="test_get_all_courses_admin" time="1.023" /><testcase classname="tests.test_admin_panel.TestAdminCourses" name="test_get_public_courses_only_published" time="0.402" /><testcase classname="tests.test_admin_panel.TestAdminCourses" name="test_create_course" time="1.849" /><testcase classname="tests.test_admin_panel.TestAdminCourses" name="test_update_course" time="2.258" /><testcase classname="tests.test_admin_panel.TestAdminCourses" name="test_toggle_publish" time="2.274" /><testcase classname="tests.test_admin_panel.TestAdminCourses" name="test_delete_course" time="1.833" /><testcase classname="tests.test_admin_panel.TestAdminUsers" name="test_get_all_users" time="1.016" /><testcase classname="tests.test_admin_panel.TestAdminUsers" name="test_grant_free_access" time="3.032" /><testcase classname="tests.test_admin_panel.TestAdminUsers" name="test_revoke_access" time="3.246" /><testcase classname="tests.test_admin_panel.TestAdminUsers" name="test_delete_user" time="2.065" /><testcase classname="tests.test_admin_panel.TestAdminLessons" name="test_add_lesson" time="2.655" /><testcase classname="tests.test_admin_panel.TestAdminLessons" name="test_delete_lesson" time="2.652" /><testcase classname="tests.test_admin_panel.TestAdminLessons" name="test_get_course_lessons" time="4.234" /><testcase classname="tests.test_admin_panel.TestAdminProtectedEndpoints" name="test_admin_stats_without_token" time="0.397" /><testcase classname="tests.test_admin_panel.TestAdminProtectedEndpoints" name="test_admin_courses_without_token" time="0.393" /><testcase classname="tests.test_admin_panel.TestAdminProtectedEndpoints" name="test_admin_users_without_token" time="0.391" /><testcase classname="tests.test_admin_panel.TestAdminProtectedEndpoints" name="test_non_admin_cannot_access_admin_endpoints" time="1.028" /></testsuite></testsuites>